BioNetGen version 2.7.1
Reading from file /Users/faeder/Library/CloudStorage/OneDrive-UniversityofPittsburgh/Code/BioNetGen_Examples/emptyMolecule/emptyMolecule/2022_02_22__19_56_49/emptyMolecule.bngl (level 0)
Read 1 molecule types.
Read 2 species.
Read 3 observable(s).
Read 1 reaction rule(s).
ACTION: generate_network( emptyMolecule )
Iteration   0:     2 species      0 rxns  0.00e+00 CPU s
Iteration   1:     3 species      2 rxns  0.00e+00 CPU s
Iteration   2:     3 species      2 rxns  0.00e+00 CPU s
Cumulative CPU time for each rule
Rule   1:     2 reactions 0.00e+00 CPU s 0.00e+00 CPU s/rxn
Total   :     2 reactions 0.00e+00 CPU s 0.00e+00 CPU s/rxn
Wrote network in net format to ./emptyMolecule.net.
CPU TIME: generate_network 0.00 s.
Wrote model in xml format to ./emptyMolecule.xml.
CPU TIME: writeXML 0.00 s.
ACTION: simulate( method=>"cvode" )
Network simulation using cvode
WARNING: writeFile(): Overwriting existing file ./emptyMolecule.net.
Wrote network in net format to ./emptyMolecule.net.
Running run_network on Jamess-MacBook-Pro.local
full command: /Users/faeder/opt/anaconda3/lib/python3.9/site-packages/bionetgen/bng-mac/bin/run_network -o ./emptyMolecule -p cvode -a 1e-08 -r 1e-08 --cdat 1 --fdat 0 -g ./emptyMolecule.net ./emptyMolecule.net 0.1 100
[simulation PID is: 77838]
run_network 3.0
Read 1 parameters from ./emptyMolecule.net
Read 3 species from ./emptyMolecule.net
Read 3 group(s) from ./emptyMolecule.net
Read 0 function(s) from ./emptyMolecule.net
Read 2 reaction(s) from ./emptyMolecule.net
2 reaction(s) have nonzero rate
Initialization took 0.00 CPU seconds
Propagating with cvode using dense LU
Time course of concentrations written to file ./emptyMolecule.cdat.
Time course of groups written to file ./emptyMolecule.gdat.
Propagation took 0.00e+00 CPU seconds
Program times:  0.00 CPU s 0.00 clock s
Updating species concentrations from ./emptyMolecule.cdat
CPU TIME: simulate 0.01 s.
Finished processing file /Users/faeder/Library/CloudStorage/OneDrive-UniversityofPittsburgh/Code/BioNetGen_Examples/emptyMolecule/emptyMolecule/2022_02_22__19_56_49/emptyMolecule.bngl.
CPU TIME: total 0.02 s.